<?xml version="1.0" encoding="UTF-8"?>
<!-- Generated by org.testng.reporters.JUnitXMLReporter -->
<testsuite ignored="9" hostname="ARISTA113-PC" failures="3" tests="90" name="Test" time="3779.24" errors="0" timestamp="2024-10-03T16:55:43 IST">
  <testcase classname="com.rt.test.NewArrivals_Test" name="verifyPageLoadTime" time="13.031"/>
  <testcase classname="com.rt.test.NewArrivals_Test" name="verifyPageTitle" time="12.025"/>
  <testcase classname="com.rt.test.NewArrivals_Test" name="verifyPageURL" time="12.25"/>
  <testcase classname="com.rt.test.NewArrivals_Test" name="verifyProductNamePresence" time="12.594"/>
  <testcase classname="com.rt.test.NewArrivals_Test" name="verifyProductPricesPresence" time="12.968"/>
  <testcase classname="com.rt.test.NewArrivals_Test" name="verifyProductsOnThePage" time="13.159"/>
  <testcase classname="com.rt.test.NewArrivals_Test" name="verifyProductsQuickAddEnable" time="45.107"/>
  <testcase classname="com.rt.clothing.test.Bottoms_Test" name="verifyColorSwatchesPresenceAndEnable" time="223.023"/>
  <testcase classname="com.rt.clothing.test.Bottoms_Test" name="verifyPageLoadTime" time="13.509"/>
  <testcase classname="com.rt.clothing.test.Bottoms_Test" name="verifyPageTitle" time="11.802"/>
  <testcase classname="com.rt.clothing.test.Bottoms_Test" name="verifyPageURL" time="11.659"/>
  <testcase classname="com.rt.clothing.test.Bottoms_Test" name="verifyProductNamePresence" time="11.972"/>
  <testcase classname="com.rt.clothing.test.Bottoms_Test" name="verifyProductPricesPresence" time="12.464"/>
  <testcase classname="com.rt.clothing.test.Bottoms_Test" name="verifyProductsOnThePage" time="11.882"/>
  <testcase classname="com.rt.clothing.test.Bottoms_Test" name="verifyProductsQuickAddEnable" time="34.504"/>
  <testcase classname="com.rt.test.HomePageTest" name="VerifyHeader" time="45.927"/>
  <testcase classname="com.rt.test.HomePageTest" name="verifPageLoadTime" time="2.704"/>
  <testcase classname="com.rt.test.HomePageTest" name="verifyFooterLinks" time="61.872">
    <failure type="java.lang.IndexOutOfBoundsException" message="Index 0 out of bounds for length 0">
      <![CDATA[java.lang.IndexOutOfBoundsException: Index 0 out of bounds for length 0
at java.base/jdk.internal.util.Preconditions.outOfBounds(Preconditions.java:64)
at java.base/jdk.internal.util.Preconditions.outOfBoundsCheckIndex(Preconditions.java:70)
at java.base/jdk.internal.util.Preconditions.checkIndex(Preconditions.java:266)
at java.base/java.util.Objects.checkIndex(Objects.java:361)
at java.base/java.util.ArrayList.get(ArrayList.java:427)
at org.openqa.selenium.support.pagefactory.internal.LocatingElementListHandler.invoke(LocatingElementListHandler.java:39)
at jdk.proxy2/jdk.proxy2.$Proxy19.get(Unknown Source)
at com.rt.utils.UtilityClass.verifyFooterNewsletter(UtilityClass.java:197)
at com.rt.utils.UtilityClass.verifyFooterLinksPresenceAndRedirection(UtilityClass.java:246)
at com.rt.pages.HomePage.verifyFooterLinks(HomePage.java:80)
at com.rt.test.HomePageTest.verifyFooterLinks(HomePageTest.java:18)
at java.base/java.util.ArrayList.forEach(ArrayList.java:1511)
... Removed 30 stack frames]]>
    </failure>
  </testcase> <!-- verifyFooterLinks -->
  <testcase classname="com.rt.test.HomePageTest" name="verifyResponsive" time="0.807"/>
  <testcase classname="com.rt.test.HomePageTest" name="verifyTitle" time="2.163"/>
  <testcase classname="com.rt.collections.test.Spring24Collection_Test" name="verifyColorSwatchesPresenceAndEnable" time="222.493"/>
  <testcase classname="com.rt.collections.test.Spring24Collection_Test" name="verifyPageLoadTime" time="13.003"/>
  <testcase classname="com.rt.collections.test.Spring24Collection_Test" name="verifyPageTitle" time="12.185"/>
  <testcase classname="com.rt.collections.test.Spring24Collection_Test" name="verifyPageURL" time="12.621"/>
  <testcase classname="com.rt.collections.test.Spring24Collection_Test" name="verifyProductNamePresence" time="12.232"/>
  <testcase classname="com.rt.collections.test.Spring24Collection_Test" name="verifyProductPricesPresence" time="13.006"/>
  <testcase classname="com.rt.collections.test.Spring24Collection_Test" name="verifyProductsOnThePage" time="12.177"/>
  <testcase classname="com.rt.collections.test.Spring24Collection_Test" name="verifyProductsQuickAddEnable" time="72.873">
    <failure type="org.openqa.selenium.ElementNotInteractableException" message="element not interactable
  (Session info: chrome=129.0.6668.70)
Build info: version: &amp;apos;4.11.0&amp;apos;, revision: &amp;apos;040bc5406b&amp;apos;
System info: os.name: &amp;apos;Windows 10&amp;apos;, os.arch: &amp;apos;amd64&amp;apos;, os.version: &amp;apos;10.0&amp;apos;, java.version: &amp;apos;17.0.9&amp;apos;
Driver info: org.openqa.selenium.chrome.ChromeDriver
Command: [ee4b9483827923e0c896eb6039cc7f86, clickElement {id=f.E3B43D36F388C4E4E15EB599EC050BB5.d.A9AC9F1D100C6E1DB67895738F64FC58.e.4120}]
Capabilities {acceptInsecureCerts: false, browserName: chrome, browserVersion: 129.0.6668.70, chrome: {chromedriverVersion: 129.0.6668.89 (951c0b97221f..., userDataDir: C:\Users\pawan\AppData\Loca...}, fedcm:accounts: true, goog:chromeOptions: {debuggerAddress: localhost:58254}, networkConnectionEnabled: false, pageLoadStrategy: normal, platformName: windows, proxy: Proxy(), se:cdp: ws://localhost:58254/devtoo..., se:cdpVersion: 129.0.6668.70, setWindowRect: true, strictFileInteractability: false, timeouts: {implicit: 0, pageLoad: 300000, script: 30000}, unhandledPromptBehavior: dismiss and notify, webauthn:extension:credBlob: true, webauthn:extension:largeBlob: true, webauthn:extension:minPinLength: true, webauthn:extension:prf: true, webauthn:virtualAuthenticators: true}
Element: [[ChromeDriver: chrome on windows (ee4b9483827923e0c896eb6039cc7f86)] -&amp;gt; xpath: //div[@class=&amp;apos;size-option-cust size-option-cust-if&amp;apos;]/span[@class=&amp;apos;size-option&amp;apos;]]
Session ID: ee4b9483827923e0c896eb6039cc7f86">
      <![CDATA[org.openqa.selenium.ElementNotInteractableException: element not interactable
  (Session info: chrome=129.0.6668.70)
Build info: version: '4.11.0', revision: '040bc5406b'
System info: os.name: 'Windows 10', os.arch: 'amd64', os.version: '10.0', java.version: '17.0.9'
Driver info: org.openqa.selenium.chrome.ChromeDriver
Command: [ee4b9483827923e0c896eb6039cc7f86, clickElement {id=f.E3B43D36F388C4E4E15EB599EC050BB5.d.A9AC9F1D100C6E1DB67895738F64FC58.e.4120}]
Capabilities {acceptInsecureCerts: false, browserName: chrome, browserVersion: 129.0.6668.70, chrome: {chromedriverVersion: 129.0.6668.89 (951c0b97221f..., userDataDir: C:\Users\pawan\AppData\Loca...}, fedcm:accounts: true, goog:chromeOptions: {debuggerAddress: localhost:58254}, networkConnectionEnabled: false, pageLoadStrategy: normal, platformName: windows, proxy: Proxy(), se:cdp: ws://localhost:58254/devtoo..., se:cdpVersion: 129.0.6668.70, setWindowRect: true, strictFileInteractability: false, timeouts: {implicit: 0, pageLoad: 300000, script: 30000}, unhandledPromptBehavior: dismiss and notify, webauthn:extension:credBlob: true, webauthn:extension:largeBlob: true, webauthn:extension:minPinLength: true, webauthn:extension:prf: true, webauthn:virtualAuthenticators: true}
Element: [[ChromeDriver: chrome on windows (ee4b9483827923e0c896eb6039cc7f86)] -> xpath: //div[@class='size-option-cust size-option-cust-if']/span[@class='size-option']]
Session ID: ee4b9483827923e0c896eb6039cc7f86
at org.openqa.selenium.remote.codec.w3c.W3CHttpResponseCodec.createException(W3CHttpResponseCodec.java:200)
at org.openqa.selenium.remote.codec.w3c.W3CHttpResponseCodec.decode(W3CHttpResponseCodec.java:133)
at org.openqa.selenium.remote.codec.w3c.W3CHttpResponseCodec.decode(W3CHttpResponseCodec.java:52)
at org.openqa.selenium.remote.HttpCommandExecutor.execute(HttpCommandExecutor.java:191)
at org.openqa.selenium.remote.service.DriverCommandExecutor.invokeExecute(DriverCommandExecutor.java:196)
at org.openqa.selenium.remote.service.DriverCommandExecutor.execute(DriverCommandExecutor.java:171)
at org.openqa.selenium.remote.RemoteWebDriver.execute(RemoteWebDriver.java:518)
at org.openqa.selenium.remote.RemoteWebElement.execute(RemoteWebElement.java:224)
at org.openqa.selenium.remote.RemoteWebElement.click(RemoteWebElement.java:77)
at com.rt.pages.collections.SpringSummer24_Page.verifyProductsQuickAddEnable(SpringSummer24_Page.java:179)
at com.rt.collections.test.Spring24Collection_Test.verifyProductsQuickAddEnable(Spring24Collection_Test.java:39)
at java.base/java.util.ArrayList.forEach(ArrayList.java:1511)
... Removed 32 stack frames]]>
    </failure>
  </testcase> <!-- verifyProductsQuickAddEnable -->
  <testcase classname="com.rt.collections.test.Spring24Collection_Test" name="verifySortByFilter" time="21.859"/>
  <testcase classname="com.rt.collections.test.Spring24Collection_Test" name="verifyfiltersPresenceAndEnable" time="12.424"/>
  <testcase classname="com.rt.clothing.test.Dress_Test" name="verifyColorSwatchesPresenceAndEnable" time="222.152"/>
  <testcase classname="com.rt.clothing.test.Dress_Test" name="verifyPageLoadTime" time="14.963"/>
  <testcase classname="com.rt.clothing.test.Dress_Test" name="verifyPageTitle" time="12.685"/>
  <testcase classname="com.rt.clothing.test.Dress_Test" name="verifyPageURL" time="12.322"/>
  <testcase classname="com.rt.clothing.test.Dress_Test" name="verifyProductNamePresence" time="71.853"/>
  <testcase classname="com.rt.clothing.test.Dress_Test" name="verifyProductPricesPresence" time="22.071"/>
  <testcase classname="com.rt.clothing.test.Dress_Test" name="verifyProductsOnThePage" time="22.136"/>
  <testcase classname="com.rt.clothing.test.Dress_Test" name="verifyProductsQuickAddEnable" time="33.978"/>
  <testcase classname="com.rt.clothing.test.Dress_Test" name="verifySortByFilter" time="21.993"/>
  <testcase classname="com.rt.clothing.test.Dress_Test" name="verifyfiltersPresenceAndEnable" time="13.509"/>
  <testcase classname="com.rt.clothing.test.ViewAll_Test" name="verifyColorSwatchesPresenceAndEnable" time="222.632"/>
  <testcase classname="com.rt.clothing.test.ViewAll_Test" name="verifyPageLoadTime" time="13.631"/>
  <testcase classname="com.rt.clothing.test.ViewAll_Test" name="verifyPageTitle" time="12.301"/>
  <testcase classname="com.rt.clothing.test.ViewAll_Test" name="verifyPageURL" time="12.68"/>
  <testcase classname="com.rt.clothing.test.ViewAll_Test" name="verifyProductNamePresence" time="66.039"/>
  <testcase classname="com.rt.clothing.test.ViewAll_Test" name="verifyProductPricesPresence" time="17.82"/>
  <testcase classname="com.rt.clothing.test.ViewAll_Test" name="verifyProductsOnThePage" time="15.629"/>
  <testcase classname="com.rt.clothing.test.ViewAll_Test" name="verifyProductsQuickAddEnable" time="34.34"/>
  <testcase classname="com.rt.clothing.test.ViewAll_Test" name="verifySortByFilter" time="22.41"/>
  <testcase classname="com.rt.clothing.test.ViewAll_Test" name="verifyfiltersPresenceAndEnable" time="13.225"/>
  <testcase classname="com.rt.collections.test.RebeccaEssentials_Test" name="verifyColorSwatchesPresenceAndEnable" time="222.396"/>
  <testcase classname="com.rt.collections.test.RebeccaEssentials_Test" name="verifyPageLoadTime" time="13.831"/>
  <testcase classname="com.rt.collections.test.RebeccaEssentials_Test" name="verifyPageTitle" time="11.766"/>
  <testcase classname="com.rt.collections.test.RebeccaEssentials_Test" name="verifyPageURL" time="11.681"/>
  <testcase classname="com.rt.collections.test.RebeccaEssentials_Test" name="verifyProductNamePresence" time="13.779"/>
  <testcase classname="com.rt.collections.test.RebeccaEssentials_Test" name="verifyProductPricesPresence" time="12.584"/>
  <testcase classname="com.rt.collections.test.RebeccaEssentials_Test" name="verifyProductsOnThePage" time="14.336"/>
  <testcase classname="com.rt.collections.test.RebeccaEssentials_Test" name="verifyProductsQuickAddEnable" time="40.502">
    <failure type="org.openqa.selenium.TimeoutException" message="timeout: Timed out receiving message from renderer: 30.000
  (Session info: chrome=129.0.6668.70)
Build info: version: &amp;apos;4.11.0&amp;apos;, revision: &amp;apos;040bc5406b&amp;apos;
System info: os.name: &amp;apos;Windows 10&amp;apos;, os.arch: &amp;apos;amd64&amp;apos;, os.version: &amp;apos;10.0&amp;apos;, java.version: &amp;apos;17.0.9&amp;apos;
Driver info: org.openqa.selenium.chrome.ChromeDriver
Command: [81e8fbb65de826546bb401bb5015933d, clickElement {id=f.8A453D44DEDAAFDF3149ECAE152BDF19.d.DC15EEF0288B84542B71DF28E9313332.e.141}]
Capabilities {acceptInsecureCerts: false, browserName: chrome, browserVersion: 129.0.6668.70, chrome: {chromedriverVersion: 129.0.6668.89 (951c0b97221f..., userDataDir: C:\Users\pawan\AppData\Loca...}, fedcm:accounts: true, goog:chromeOptions: {debuggerAddress: localhost:62471}, networkConnectionEnabled: false, pageLoadStrategy: normal, platformName: windows, proxy: Proxy(), se:cdp: ws://localhost:62471/devtoo..., se:cdpVersion: 129.0.6668.70, setWindowRect: true, strictFileInteractability: false, timeouts: {implicit: 0, pageLoad: 300000, script: 30000}, unhandledPromptBehavior: dismiss and notify, webauthn:extension:credBlob: true, webauthn:extension:largeBlob: true, webauthn:extension:minPinLength: true, webauthn:extension:prf: true, webauthn:virtualAuthenticators: true}
Element: [[ChromeDriver: chrome on windows (81e8fbb65de826546bb401bb5015933d)] -&amp;gt; xpath: //li[@class=&amp;apos;menu-lv-item menu-lv-2 text-left   menu-lv-blink&amp;apos;]/a/span]
Session ID: 81e8fbb65de826546bb401bb5015933d">
      <![CDATA[org.openqa.selenium.TimeoutException: timeout: Timed out receiving message from renderer: 30.000
  (Session info: chrome=129.0.6668.70)
Build info: version: '4.11.0', revision: '040bc5406b'
System info: os.name: 'Windows 10', os.arch: 'amd64', os.version: '10.0', java.version: '17.0.9'
Driver info: org.openqa.selenium.chrome.ChromeDriver
Command: [81e8fbb65de826546bb401bb5015933d, clickElement {id=f.8A453D44DEDAAFDF3149ECAE152BDF19.d.DC15EEF0288B84542B71DF28E9313332.e.141}]
Capabilities {acceptInsecureCerts: false, browserName: chrome, browserVersion: 129.0.6668.70, chrome: {chromedriverVersion: 129.0.6668.89 (951c0b97221f..., userDataDir: C:\Users\pawan\AppData\Loca...}, fedcm:accounts: true, goog:chromeOptions: {debuggerAddress: localhost:62471}, networkConnectionEnabled: false, pageLoadStrategy: normal, platformName: windows, proxy: Proxy(), se:cdp: ws://localhost:62471/devtoo..., se:cdpVersion: 129.0.6668.70, setWindowRect: true, strictFileInteractability: false, timeouts: {implicit: 0, pageLoad: 300000, script: 30000}, unhandledPromptBehavior: dismiss and notify, webauthn:extension:credBlob: true, webauthn:extension:largeBlob: true, webauthn:extension:minPinLength: true, webauthn:extension:prf: true, webauthn:virtualAuthenticators: true}
Element: [[ChromeDriver: chrome on windows (81e8fbb65de826546bb401bb5015933d)] -> xpath: //li[@class='menu-lv-item menu-lv-2 text-left   menu-lv-blink']/a/span]
Session ID: 81e8fbb65de826546bb401bb5015933d
at org.openqa.selenium.remote.codec.w3c.W3CHttpResponseCodec.createException(W3CHttpResponseCodec.java:200)
at org.openqa.selenium.remote.codec.w3c.W3CHttpResponseCodec.decode(W3CHttpResponseCodec.java:133)
at org.openqa.selenium.remote.codec.w3c.W3CHttpResponseCodec.decode(W3CHttpResponseCodec.java:52)
at org.openqa.selenium.remote.HttpCommandExecutor.execute(HttpCommandExecutor.java:191)
at org.openqa.selenium.remote.service.DriverCommandExecutor.invokeExecute(DriverCommandExecutor.java:196)
at org.openqa.selenium.remote.service.DriverCommandExecutor.execute(DriverCommandExecutor.java:171)
at org.openqa.selenium.remote.RemoteWebDriver.execute(RemoteWebDriver.java:518)
at org.openqa.selenium.remote.RemoteWebElement.execute(RemoteWebElement.java:224)
at org.openqa.selenium.remote.RemoteWebElement.click(RemoteWebElement.java:77)
at com.rt.pages.collections.RebeccaEssentialsPage.methodToOpenTheRTEssentialsPage(RebeccaEssentialsPage.java:60)
at com.rt.pages.collections.RebeccaEssentialsPage.verifyProductsQuickAddEnable(RebeccaEssentialsPage.java:153)
at com.rt.collections.test.RebeccaEssentials_Test.verifyProductsQuickAddEnable(RebeccaEssentials_Test.java:39)
at java.base/java.util.ArrayList.forEach(ArrayList.java:1511)
... Removed 32 stack frames]]>
    </failure>
  </testcase> <!-- verifyProductsQuickAddEnable -->
  <testcase classname="com.rt.collections.test.RebeccaEssentials_Test" name="verifySortByFilter" time="24.109"/>
  <testcase classname="com.rt.collections.test.RebeccaEssentials_Test" name="verifyfiltersPresenceAndEnable" time="12.218"/>
  <testcase classname="com.rt.clothing.test.Tops_Test" name="verifyColorSwatchesPresenceAndEnable" time="222.99"/>
  <testcase classname="com.rt.clothing.test.Tops_Test" name="verifyPageLoadTime" time="13.312"/>
  <testcase classname="com.rt.clothing.test.Tops_Test" name="verifyPageTitle" time="12.267"/>
  <testcase classname="com.rt.clothing.test.Tops_Test" name="verifyPageURL" time="12.568"/>
  <testcase classname="com.rt.clothing.test.Tops_Test" name="verifyProductNamePresence" time="72.542"/>
  <testcase classname="com.rt.clothing.test.Tops_Test" name="verifyProductPricesPresence" time="24.357"/>
  <testcase classname="com.rt.clothing.test.Tops_Test" name="verifyProductsOnThePage" time="22.15"/>
  <testcase classname="com.rt.clothing.test.Tops_Test" name="verifyProductsQuickAddEnable" time="34.005"/>
  <testcase classname="com.rt.clothing.test.Tops_Test" name="verifySortByFilter" time="22.47"/>
  <testcase classname="com.rt.clothing.test.Tops_Test" name="verifyfiltersPresenceAndEnable" time="13.41"/>
  <testcase classname="com.rt.clothing.test.Jackets_Test" name="verifyColorSwatchesPresenceAndEnable" time="214.286"/>
  <testcase classname="com.rt.clothing.test.Jackets_Test" name="verifyPageLoadTime" time="14.323"/>
  <testcase classname="com.rt.clothing.test.Jackets_Test" name="verifyPageTitle" time="12.895"/>
  <testcase classname="com.rt.clothing.test.Jackets_Test" name="verifyPageURL" time="12.527"/>
  <testcase classname="com.rt.clothing.test.Jackets_Test" name="verifyProductNamePresence" time="63.237"/>
  <testcase classname="com.rt.clothing.test.Jackets_Test" name="verifyProductPricesPresence" time="12.379"/>
  <testcase classname="com.rt.clothing.test.Jackets_Test" name="verifyProductsOnThePage" time="12.71"/>
  <testcase classname="com.rt.clothing.test.Jackets_Test" name="verifyProductsQuickAddEnable" time="34.916"/>
  <testcase classname="com.rt.clothing.test.Jackets_Test" name="verifySortByFilter" time="22.429"/>
  <testcase classname="com.rt.clothing.test.Jackets_Test" name="verifyfiltersPresenceAndEnable" time="12.355"/>
  <testcase classname="com.rt.collections.test.WorkwearEdit_Test" name="verifyColorSwatchesPresenceAndEnable" time="223.161"/>
  <testcase classname="com.rt.collections.test.WorkwearEdit_Test" name="verifyPageLoadTime" time="14.555"/>
  <testcase classname="com.rt.collections.test.WorkwearEdit_Test" name="verifyPageTitle" time="13.302"/>
  <testcase classname="com.rt.collections.test.WorkwearEdit_Test" name="verifyPageURL" time="11.785"/>
  <testcase classname="com.rt.collections.test.WorkwearEdit_Test" name="verifyProductNamePresence" time="13.287"/>
  <testcase classname="com.rt.collections.test.WorkwearEdit_Test" name="verifyProductPricesPresence" time="11.892"/>
  <testcase classname="com.rt.collections.test.WorkwearEdit_Test" name="verifyProductsOnThePage" time="12.483"/>
  <testcase classname="com.rt.collections.test.WorkwearEdit_Test" name="verifyProductsQuickAddEnable" time="25.856"/>
  <testcase classname="com.rt.collections.test.WorkwearEdit_Test" name="verifySortByFilter" time="22.05"/>
  <testcase classname="com.rt.collections.test.WorkwearEdit_Test" name="verifyfiltersPresenceAndEnable" time="12.552"/>
  <testcase classname="com.rt.base.BaseClass" name="@BeforeSuite clearOldScreenshots" time="0.0">
    <ignored/>
  </testcase> <!-- @BeforeSuite clearOldScreenshots -->
  <testcase classname="com.rt.base.BaseClass" name="@BeforeSuite clearOldScreenshots" time="0.0">
    <ignored/>
  </testcase> <!-- @BeforeSuite clearOldScreenshots -->
  <testcase classname="com.rt.base.BaseClass" name="@BeforeSuite clearOldScreenshots" time="0.0">
    <ignored/>
  </testcase> <!-- @BeforeSuite clearOldScreenshots -->
  <testcase classname="com.rt.base.BaseClass" name="@BeforeSuite clearOldScreenshots" time="0.0">
    <ignored/>
  </testcase> <!-- @BeforeSuite clearOldScreenshots -->
  <testcase classname="com.rt.base.BaseClass" name="@BeforeSuite clearOldScreenshots" time="0.0">
    <ignored/>
  </testcase> <!-- @BeforeSuite clearOldScreenshots -->
  <testcase classname="com.rt.base.BaseClass" name="@BeforeSuite clearOldScreenshots" time="0.0">
    <ignored/>
  </testcase> <!-- @BeforeSuite clearOldScreenshots -->
  <testcase classname="com.rt.base.BaseClass" name="@BeforeSuite clearOldScreenshots" time="0.0">
    <ignored/>
  </testcase> <!-- @BeforeSuite clearOldScreenshots -->
  <testcase classname="com.rt.base.BaseClass" name="@BeforeSuite clearOldScreenshots" time="0.0">
    <ignored/>
  </testcase> <!-- @BeforeSuite clearOldScreenshots -->
  <testcase classname="com.rt.base.BaseClass" name="@BeforeSuite clearOldScreenshots" time="0.0">
    <ignored/>
  </testcase> <!-- @BeforeSuite clearOldScreenshots -->
</testsuite> <!-- Test -->
