<?xml version="1.0" encoding="UTF-8"?>
<!-- Generated by org.testng.reporters.JUnitReportReporter -->
<testsuite hostname="ARISTA113-PC" failures="0" tests="7" name="com.rt.test.NewArrivals_Test" time="155.414" errors="1" timestamp="2024-10-02T15:18:49 IST" skipped="0">
  <testcase classname="com.rt.test.NewArrivals_Test" name="verifyProductNamePresence" time="14.592">
    <error message="element click intercepted: Element &lt;span class=&quot;text p-relative&quot;&gt;...&lt;/span&gt; is not clickable at point (840, 51). Other element would receive the click: &lt;div role=&quot;dialog&quot; aria-modal=&quot;true&quot; aria-label=&quot;POPUP Form&quot; class=&quot;needsclick  kl-private-reset-css-Xuajs1&quot; style=&quot;display: flex; z-index: 90000; position: fixed; left: 0px; top: 0px; width: 100%; height: 100%; justify-content: center; align-items: center; overflow: auto; background-color: rgba(20, 20, 20, 0.6); animation-timing-function: ease; animation-play-state: running; animation-iteration-count: 1; animation-fill-mode: forwards; animation-delay: 0s; animation-duration: 0.35s; animation-name: klaviyo-fadeout;&quot;&gt;...&lt;/div&gt;
  (Session info: chrome=129.0.6668.70)
Build info: version: &#039;4.11.0&#039;, revision: &#039;040bc5406b&#039;
System info: os.name: &#039;Windows 10&#039;, os.arch: &#039;amd64&#039;, os.version: &#039;10.0&#039;, java.version: &#039;17.0.9&#039;
Driver info: org.openqa.selenium.chrome.ChromeDriver
Command: [a6edaef8d4ebb90910ec6cff18804203, clickElement {id=f.CF0F82087808E9E14115E5B95FA1D9B9.d.70070A66A0B6947D9CED40E9EF13D47F.e.77}]
Capabilities {acceptInsecureCerts: false, browserName: chrome, browserVersion: 129.0.6668.70, chrome: {chromedriverVersion: 129.0.6668.70 (df87d5cf12b1..., userDataDir: C:\Users\pawan\AppData\Loca...}, fedcm:accounts: true, goog:chromeOptions: {debuggerAddress: localhost:53680}, networkConnectionEnabled: false, pageLoadStrategy: normal, platformName: windows, proxy: Proxy(), se:cdp: ws://localhost:53680/devtoo..., se:cdpVersion: 129.0.6668.70, setWindowRect: true, strictFileInteractability: false, timeouts: {implicit: 0, pageLoad: 300000, script: 30000}, unhandledPromptBehavior: dismiss and notify, webauthn:extension:credBlob: true, webauthn:extension:largeBlob: true, webauthn:extension:minPinLength: true, webauthn:extension:prf: true, webauthn:virtualAuthenticators: true}
Element: [[ChromeDriver: chrome on windows (a6edaef8d4ebb90910ec6cff18804203)] -&gt; xpath: //span[text()=&#039;NEW ARRIVALS&#039;]]
Session ID: a6edaef8d4ebb90910ec6cff18804203" type="org.openqa.selenium.ElementClickInterceptedException">
      <![CDATA[org.openqa.selenium.ElementClickInterceptedException: element click intercepted: Element <span class="text p-relative">...</span> is not clickable at point (840, 51). Other element would receive the click: <div role="dialog" aria-modal="true" aria-label="POPUP Form" class="needsclick  kl-private-reset-css-Xuajs1" style="display: flex; z-index: 90000; position: fixed; left: 0px; top: 0px; width: 100%; height: 100%; justify-content: center; align-items: center; overflow: auto; background-color: rgba(20, 20, 20, 0.6); animation-timing-function: ease; animation-play-state: running; animation-iteration-count: 1; animation-fill-mode: forwards; animation-delay: 0s; animation-duration: 0.35s; animation-name: klaviyo-fadeout;">...</div>
  (Session info: chrome=129.0.6668.70)
Build info: version: '4.11.0', revision: '040bc5406b'
System info: os.name: 'Windows 10', os.arch: 'amd64', os.version: '10.0', java.version: '17.0.9'
Driver info: org.openqa.selenium.chrome.ChromeDriver
Command: [a6edaef8d4ebb90910ec6cff18804203, clickElement {id=f.CF0F82087808E9E14115E5B95FA1D9B9.d.70070A66A0B6947D9CED40E9EF13D47F.e.77}]
Capabilities {acceptInsecureCerts: false, browserName: chrome, browserVersion: 129.0.6668.70, chrome: {chromedriverVersion: 129.0.6668.70 (df87d5cf12b1..., userDataDir: C:\Users\pawan\AppData\Loca...}, fedcm:accounts: true, goog:chromeOptions: {debuggerAddress: localhost:53680}, networkConnectionEnabled: false, pageLoadStrategy: normal, platformName: windows, proxy: Proxy(), se:cdp: ws://localhost:53680/devtoo..., se:cdpVersion: 129.0.6668.70, setWindowRect: true, strictFileInteractability: false, timeouts: {implicit: 0, pageLoad: 300000, script: 30000}, unhandledPromptBehavior: dismiss and notify, webauthn:extension:credBlob: true, webauthn:extension:largeBlob: true, webauthn:extension:minPinLength: true, webauthn:extension:prf: true, webauthn:virtualAuthenticators: true}
Element: [[ChromeDriver: chrome on windows (a6edaef8d4ebb90910ec6cff18804203)] -> xpath: //span[text()='NEW ARRIVALS']]
Session ID: a6edaef8d4ebb90910ec6cff18804203
at java.base/jdk.internal.reflect.NativeConstructorAccessorImpl.newInstance0(Native Method)
at java.base/jdk.internal.reflect.NativeConstructorAccessorImpl.newInstance(NativeConstructorAccessorImpl.java:77)
at java.base/jdk.internal.reflect.DelegatingConstructorAccessorImpl.newInstance(DelegatingConstructorAccessorImpl.java:45)
at java.base/java.lang.reflect.Constructor.newInstanceWithCaller(Constructor.java:499)
at java.base/java.lang.reflect.Constructor.newInstance(Constructor.java:480)
at org.openqa.selenium.remote.codec.w3c.W3CHttpResponseCodec.createException(W3CHttpResponseCodec.java:200)
at org.openqa.selenium.remote.codec.w3c.W3CHttpResponseCodec.decode(W3CHttpResponseCodec.java:133)
at org.openqa.selenium.remote.codec.w3c.W3CHttpResponseCodec.decode(W3CHttpResponseCodec.java:52)
at org.openqa.selenium.remote.HttpCommandExecutor.execute(HttpCommandExecutor.java:191)
at org.openqa.selenium.remote.service.DriverCommandExecutor.invokeExecute(DriverCommandExecutor.java:196)
at org.openqa.selenium.remote.service.DriverCommandExecutor.execute(DriverCommandExecutor.java:171)
at org.openqa.selenium.remote.RemoteWebDriver.execute(RemoteWebDriver.java:518)
at org.openqa.selenium.remote.RemoteWebElement.execute(RemoteWebElement.java:224)
at org.openqa.selenium.remote.RemoteWebElement.click(RemoteWebElement.java:77)
at java.base/jdk.internal.reflect.NativeMethodAccessorImpl.invoke0(Native Method)
at java.base/jdk.internal.reflect.NativeMethodAccessorImpl.invoke(NativeMethodAccessorImpl.java:77)
at java.base/jdk.internal.reflect.DelegatingMethodAccessorImpl.invoke(DelegatingMethodAccessorImpl.java:43)
at java.base/java.lang.reflect.Method.invoke(Method.java:568)
at org.openqa.selenium.support.pagefactory.internal.LocatingElementHandler.invoke(LocatingElementHandler.java:51)
at jdk.proxy2/jdk.proxy2.$Proxy18.click(Unknown Source)
at com.rt.pages.NewArrivalsPage.openNewArrivalsLink(NewArrivalsPage.java:55)
at com.rt.pages.NewArrivalsPage.verifyProductNamePresence(NewArrivalsPage.java:116)
at com.rt.test.NewArrivals_Test.verifyProductNamePresence(NewArrivals_Test.java:25)
at java.base/jdk.internal.reflect.NativeMethodAccessorImpl.invoke0(Native Method)
at java.base/jdk.internal.reflect.NativeMethodAccessorImpl.invoke(NativeMethodAccessorImpl.java:77)
at java.base/jdk.internal.reflect.DelegatingMethodAccessorImpl.invoke(DelegatingMethodAccessorImpl.java:43)
at java.base/java.lang.reflect.Method.invoke(Method.java:568)
at org.testng.internal.invokers.MethodInvocationHelper.invokeMethod(MethodInvocationHelper.java:139)
at org.testng.internal.invokers.TestInvoker.invokeMethod(TestInvoker.java:677)
at org.testng.internal.invokers.TestInvoker.invokeTestMethod(TestInvoker.java:221)
at org.testng.internal.invokers.MethodRunner.runInSequence(MethodRunner.java:50)
at org.testng.internal.invokers.TestInvoker$MethodInvocationAgent.invoke(TestInvoker.java:969)
at org.testng.internal.invokers.TestInvoker.invokeTestMethods(TestInvoker.java:194)
at org.testng.internal.invokers.TestMethodWorker.invokeTestMethods(TestMethodWorker.java:148)
at org.testng.internal.invokers.TestMethodWorker.run(TestMethodWorker.java:128)
at java.base/java.util.ArrayList.forEach(ArrayList.java:1511)
at org.testng.TestRunner.privateRun(TestRunner.java:829)
at org.testng.TestRunner.run(TestRunner.java:602)
at org.testng.SuiteRunner.runTest(SuiteRunner.java:437)
at org.testng.SuiteRunner.runSequentially(SuiteRunner.java:431)
at org.testng.SuiteRunner.privateRun(SuiteRunner.java:391)
at org.testng.SuiteRunner.run(SuiteRunner.java:330)
at org.testng.SuiteRunnerWorker.runSuite(SuiteRunnerWorker.java:52)
at org.testng.SuiteRunnerWorker.run(SuiteRunnerWorker.java:95)
at org.testng.TestNG.runSuitesSequentially(TestNG.java:1256)
at org.testng.TestNG.runSuitesLocally(TestNG.java:1176)
at org.testng.TestNG.runSuites(TestNG.java:1099)
at org.testng.TestNG.run(TestNG.java:1067)
at org.testng.remote.AbstractRemoteTestNG.run(AbstractRemoteTestNG.java:115)
at org.testng.remote.RemoteTestNG.initAndRun(RemoteTestNG.java:251)
at org.testng.remote.RemoteTestNG.main(RemoteTestNG.java:77)
]]>
    </error>
  </testcase> <!-- verifyProductNamePresence -->
  <system-out/>
  <testcase classname="com.rt.test.NewArrivals_Test" name="verifyProductsQuickAddEnable" time="48.299"/>
  <system-out/>
  <testcase classname="com.rt.test.NewArrivals_Test" name="verifyPageTitle" time="20.732"/>
  <system-out/>
  <testcase classname="com.rt.test.NewArrivals_Test" name="verifyProductPricesPresence" time="16.062"/>
  <system-out/>
  <testcase classname="com.rt.test.NewArrivals_Test" name="verifyProductsOnThePage" time="15.979"/>
  <system-out/>
  <testcase classname="com.rt.test.NewArrivals_Test" name="verifyPageLoadTime" time="18.643"/>
  <system-out/>
  <testcase classname="com.rt.test.NewArrivals_Test" name="verifyPageURL" time="21.107"/>
  <system-out/>
</testsuite> <!-- com.rt.test.NewArrivals_Test -->
